<?xml version="1.0" encoding="UTF-8"?>
<testng-results ignored="0" total="2" passed="1" failed="1" skipped="0">
  <reporter-output>
  </reporter-output>
  <suite started-at="2023-09-30T11:35:39 IST" name="Suite" finished-at="2023-09-30T11:36:01 IST" duration-ms="22778">
    <groups>
    </groups>
    <test started-at="2023-09-30T11:35:39 IST" name="chrome" finished-at="2023-09-30T11:36:01 IST" duration-ms="22263">
      <class name="com.pos.testcases.CreateNewVendor">
        <test-method is-config="true" signature="setValues()[pri:0, instance:com.pos.testcases.CreateNewVendor@75437611]" started-at="2023-09-30T11:35:39 IST" name="setValues" finished-at="2023-09-30T11:35:39 IST" duration-ms="1" status="PASS">
          <reporter-output>
          </reporter-output>
        </test-method> <!-- setValues -->
        <test-method is-config="true" signature="startTestCase()[pri:0, instance:com.pos.testcases.CreateNewVendor@75437611]" started-at="2023-09-30T11:35:39 IST" name="startTestCase" finished-at="2023-09-30T11:35:39 IST" duration-ms="6" status="PASS">
          <reporter-output>
          </reporter-output>
        </test-method> <!-- startTestCase -->
        <test-method is-config="true" signature="preCondition(java.lang.String)[pri:0, instance:com.pos.testcases.CreateNewVendor@75437611]" started-at="2023-09-30T11:35:40 IST" name="preCondition" finished-at="2023-09-30T11:35:43 IST" duration-ms="3124" status="PASS">
          <params>
            <param index="0">
              <value>
                <![CDATA[chrome]]>
              </value>
            </param>
          </params>
          <reporter-output>
          </reporter-output>
        </test-method> <!-- preCondition -->
        <test-method signature="runLogin(java.lang.String,java.lang.String,java.lang.String,java.lang.String,java.lang.String,java.lang.String)[pri:0, instance:com.pos.testcases.CreateNewVendor@75437611]" started-at="2023-09-30T11:35:43 IST" name="runLogin" data-provider="fetchData" finished-at="2023-09-30T11:36:01 IST" duration-ms="17885" status="PASS">
          <params>
            <param index="0">
              <value>
                <![CDATA[8220316109]]>
              </value>
            </param>
            <param index="1">
              <value>
                <![CDATA[Vinoth]]>
              </value>
            </param>
            <param index="2">
              <value>
                <![CDATA[Selenium]]>
              </value>
            </param>
            <param index="3">
              <value>
                <![CDATA[Chennai]]>
              </value>
            </param>
            <param index="4">
              <value>
                <![CDATA[8220316109]]>
              </value>
            </param>
            <param index="5">
              <value>
                <![CDATA[vinod@gmail.com]]>
              </value>
            </param>
          </params>
          <reporter-output>
          </reporter-output>
        </test-method> <!-- runLogin -->
        <test-method is-config="true" signature="postCondition()[pri:0, instance:com.pos.testcases.CreateNewVendor@75437611]" started-at="2023-09-30T11:36:01 IST" name="postCondition" finished-at="2023-09-30T11:36:01 IST" duration-ms="137" status="PASS">
          <reporter-output>
          </reporter-output>
        </test-method> <!-- postCondition -->
      </class> <!-- com.pos.testcases.CreateNewVendor -->
    </test> <!-- chrome -->
    <test started-at="2023-09-30T11:35:39 IST" name="firefox" finished-at="2023-09-30T11:36:01 IST" duration-ms="22778">
      <class name="com.pos.testcases.EditCustomer">
        <test-method is-config="true" signature="startReport()[pri:0, instance:com.pos.testcases.EditCustomer@221a3fa4]" started-at="2023-09-30T11:35:38 IST" name="startReport" finished-at="2023-09-30T11:35:39 IST" duration-ms="198" status="PASS">
          <reporter-output>
          </reporter-output>
        </test-method> <!-- startReport -->
        <test-method is-config="true" signature="setValues()[pri:0, instance:com.pos.testcases.EditCustomer@221a3fa4]" started-at="2023-09-30T11:35:39 IST" name="setValues" finished-at="2023-09-30T11:35:39 IST" duration-ms="1" status="PASS">
          <reporter-output>
          </reporter-output>
        </test-method> <!-- setValues -->
        <test-method is-config="true" signature="startTestCase()[pri:0, instance:com.pos.testcases.EditCustomer@221a3fa4]" started-at="2023-09-30T11:35:39 IST" name="startTestCase" finished-at="2023-09-30T11:35:39 IST" duration-ms="5" status="PASS">
          <reporter-output>
          </reporter-output>
        </test-method> <!-- startTestCase -->
        <test-method is-config="true" signature="preCondition(java.lang.String)[pri:0, instance:com.pos.testcases.EditCustomer@221a3fa4]" started-at="2023-09-30T11:35:40 IST" name="preCondition" finished-at="2023-09-30T11:35:45 IST" duration-ms="5217" status="PASS">
          <params>
            <param index="0">
              <value>
                <![CDATA[firefox]]>
              </value>
            </param>
          </params>
          <reporter-output>
          </reporter-output>
        </test-method> <!-- preCondition -->
        <test-method signature="runLogin(java.lang.String,java.lang.String,java.lang.String,java.lang.String)[pri:0, instance:com.pos.testcases.EditCustomer@221a3fa4]" started-at="2023-09-30T11:35:45 IST" name="runLogin" data-provider="fetchData" finished-at="2023-09-30T11:36:01 IST" duration-ms="15642" status="FAIL">
          <params>
            <param index="0">
              <value>
                <![CDATA[9976749433]]>
              </value>
            </param>
            <param index="1">
              <value>
                <![CDATA[Raman]]>
              </value>
            </param>
            <param index="2">
              <value>
                <![CDATA[The customer you entered was saved successfully.]]>
              </value>
            </param>
            <param index="3">
              <value>
                <![CDATA[Raman]]>
              </value>
            </param>
          </params>
          <exception class="java.lang.RuntimeException">
            <message>
              <![CDATA[See the reporter for details.]]>
            </message>
            <full-stacktrace>
              <![CDATA[java.lang.RuntimeException: See the reporter for details.
at com.framework.utils.Reporter.reportStep(Reporter.java:101)
at com.framework.utils.Reporter.reportStep(Reporter.java:116)
at com.framework.selenium.api.base.SeleniumBase.locateElement(SeleniumBase.java:657)
at com.pos.pages.CustomersPage.clickEditIcon(CustomersPage.java:29)
at com.pos.testcases.EditCustomer.runLogin(EditCustomer.java:27)
at java.base/jdk.internal.reflect.NativeMethodAccessorImpl.invoke0(Native Method)
at java.base/jdk.internal.reflect.NativeMethodAccessorImpl.invoke(NativeMethodAccessorImpl.java:78)
at java.base/jdk.internal.reflect.DelegatingMethodAccessorImpl.invoke(DelegatingMethodAccessorImpl.java:43)
at java.base/java.lang.reflect.Method.invoke(Method.java:567)
at org.testng.internal.MethodInvocationHelper.invokeMethod(MethodInvocationHelper.java:133)
at org.testng.internal.TestInvoker.invokeMethod(TestInvoker.java:598)
at org.testng.internal.TestInvoker.invokeTestMethod(TestInvoker.java:173)
at org.testng.internal.MethodRunner.runInSequence(MethodRunner.java:46)
at org.testng.internal.TestInvoker$MethodInvocationAgent.invoke(TestInvoker.java:824)
at org.testng.internal.TestInvoker.invokeTestMethods(TestInvoker.java:146)
at org.testng.internal.TestMethodWorker.invokeTestMethods(TestMethodWorker.java:146)
at org.testng.internal.TestMethodWorker.run(TestMethodWorker.java:128)
at java.base/java.util.concurrent.ThreadPoolExecutor.runWorker(ThreadPoolExecutor.java:1130)
at java.base/java.util.concurrent.ThreadPoolExecutor$Worker.run(ThreadPoolExecutor.java:630)
at java.base/java.lang.Thread.run(Thread.java:831)
]]>
            </full-stacktrace>
          </exception> <!-- java.lang.RuntimeException -->
          <reporter-output>
          </reporter-output>
        </test-method> <!-- runLogin -->
        <test-method is-config="true" signature="postCondition()[pri:0, instance:com.pos.testcases.EditCustomer@221a3fa4]" started-at="2023-09-30T11:36:01 IST" name="postCondition" finished-at="2023-09-30T11:36:01 IST" duration-ms="810" status="PASS">
          <reporter-output>
          </reporter-output>
        </test-method> <!-- postCondition -->
        <test-method is-config="true" signature="endResult()[pri:0, instance:com.pos.testcases.EditCustomer@221a3fa4]" started-at="2023-09-30T11:36:01 IST" name="endResult" finished-at="2023-09-30T11:36:02 IST" duration-ms="539" status="PASS">
          <reporter-output>
          </reporter-output>
        </test-method> <!-- endResult -->
      </class> <!-- com.pos.testcases.EditCustomer -->
    </test> <!-- firefox -->
  </suite> <!-- Suite -->
</testng-results>
